info  2020-10-09T03:57:01.056 thread-0  chain_plugin.cpp:628          plugin_initialize    ] initializing chain plugin
info  2020-10-09T03:57:01.060 thread-0  chain_plugin.cpp:459          operator()           ] Support for builtin protocol feature 'PREACTIVATE_FEATURE' (with digest of '0ec7e080177b2c02b278d5088611686b49d739925a92d9bfcacd7fc6b74053bd') is enabled without activation restrictions
info  2020-10-09T03:57:01.060 thread-0  chain_plugin.cpp:446          operator()           ] Support for builtin protocol feature 'ONLY_LINK_TO_EXISTING_PERMISSION' (with digest of '1a99a59d87e06e09ec5b028a9cbb7749b4a5ad8819004365d02dc4379a8b7241') is enabled with preactivation required
info  2020-10-09T03:57:01.061 thread-0  chain_plugin.cpp:446          operator()           ] Support for builtin protocol feature 'FORWARD_SETCODE' (with digest of '2652f5f96006294109b3dd0bbde63693f55324af452b799ee137a81a905eed25') is enabled with preactivation required
info  2020-10-09T03:57:01.061 thread-0  chain_plugin.cpp:446          operator()           ] Support for builtin protocol feature 'WTMSIG_BLOCK_SIGNATURES' (with digest of '299dcb6af692324b899b39f16d5a530a33062804e41f09dc97e9f156b4476707') is enabled with preactivation required
info  2020-10-09T03:57:01.061 thread-0  chain_plugin.cpp:446          operator()           ] Support for builtin protocol feature 'REPLACE_DEFERRED' (with digest of 'ef43112c6543b88db2283a2e077278c315ae2c84719a8b25f25cc88565fbea99') is enabled with preactivation required
info  2020-10-09T03:57:01.061 thread-0  chain_plugin.cpp:446          operator()           ] Support for builtin protocol feature 'NO_DUPLICATE_DEFERRED_ID' (with digest of '4a90c00d55454dc5b059055ca213579c6ea856967712a56017487886a4d4cc0f') is enabled with preactivation required
info  2020-10-09T03:57:01.061 thread-0  chain_plugin.cpp:446          operator()           ] Support for builtin protocol feature 'RAM_RESTRICTIONS' (with digest of '4e7bf348da00a945489b2a681749eb56f5de00b900014e137ddae39f48f69d67') is enabled with preactivation required
info  2020-10-09T03:57:01.061 thread-0  chain_plugin.cpp:446          operator()           ] Support for builtin protocol feature 'WEBAUTHN_KEY' (with digest of '4fca8bd82bbd181e714e283f83e1b45d95ca5af40fb89ad3977b653c448f78c2') is enabled with preactivation required
info  2020-10-09T03:57:01.061 thread-0  chain_plugin.cpp:446          operator()           ] Support for builtin protocol feature 'DISALLOW_EMPTY_PRODUCER_SCHEDULE' (with digest of '68dcaa34c0517d19666e6b33add67351d8c5f69e999ca1e37931bc410a297428') is enabled with preactivation required
info  2020-10-09T03:57:01.061 thread-0  chain_plugin.cpp:446          operator()           ] Support for builtin protocol feature 'ONLY_BILL_FIRST_AUTHORIZER' (with digest of '8ba52fe7a3956c5cd3a656a3174b931d3bb2abb45578befc59f283ecd816a405') is enabled with preactivation required
info  2020-10-09T03:57:01.061 thread-0  chain_plugin.cpp:446          operator()           ] Support for builtin protocol feature 'RESTRICT_ACTION_TO_SELF' (with digest of 'ad9e3d8f650687709fd68f4b90b41f7d825a365b02c23a636cef88ac2ac00c43') is enabled with preactivation required
info  2020-10-09T03:57:01.061 thread-0  chain_plugin.cpp:446          operator()           ] Support for builtin protocol feature 'FIX_LINKAUTH_RESTRICTION' (with digest of 'e0fb64b1085cc5538970158d05a009c24e276fb94e1a0bf6a528b48fbc4ff526') is enabled with preactivation required
info  2020-10-09T03:57:01.061 thread-0  chain_plugin.cpp:446          operator()           ] Support for builtin protocol feature 'GET_SENDER' (with digest of 'f0af56d2c5a48d60a4a5b5c903edfb7db3a736a94ed589d0b797df33ff9d3e1d') is enabled with preactivation required
info  2020-10-09T03:57:01.066 thread-0  chain_plugin.cpp:945          plugin_initialize    ] Starting fresh blockchain state using genesis state extracted from blocks.log.
warn  2020-10-09T03:57:01.067 thread-0  chain_plugin.cpp:1138         plugin_initialize    ] 13 St13runtime_error: "state" database dirty flag set
rethrow "state" database dirty flag set: 
    {"what":"\"state\" database dirty flag set"}
    thread-0  chain_plugin.cpp:1138 plugin_initialize

error 2020-10-09T03:57:01.069 thread-0  main.cpp:121                  main                 ] database dirty flag set (likely due to unclean shutdown): replay required
info  2020-10-10T00:36:22.499 thread-0  chain_plugin.cpp:628          plugin_initialize    ] initializing chain plugin
info  2020-10-10T00:36:22.509 thread-0  chain_plugin.cpp:459          operator()           ] Support for builtin protocol feature 'PREACTIVATE_FEATURE' (with digest of '0ec7e080177b2c02b278d5088611686b49d739925a92d9bfcacd7fc6b74053bd') is enabled without activation restrictions
info  2020-10-10T00:36:22.509 thread-0  chain_plugin.cpp:446          operator()           ] Support for builtin protocol feature 'ONLY_LINK_TO_EXISTING_PERMISSION' (with digest of '1a99a59d87e06e09ec5b028a9cbb7749b4a5ad8819004365d02dc4379a8b7241') is enabled with preactivation required
info  2020-10-10T00:36:22.509 thread-0  chain_plugin.cpp:446          operator()           ] Support for builtin protocol feature 'FORWARD_SETCODE' (with digest of '2652f5f96006294109b3dd0bbde63693f55324af452b799ee137a81a905eed25') is enabled with preactivation required
info  2020-10-10T00:36:22.509 thread-0  chain_plugin.cpp:446          operator()           ] Support for builtin protocol feature 'WTMSIG_BLOCK_SIGNATURES' (with digest of '299dcb6af692324b899b39f16d5a530a33062804e41f09dc97e9f156b4476707') is enabled with preactivation required
info  2020-10-10T00:36:22.509 thread-0  chain_plugin.cpp:446          operator()           ] Support for builtin protocol feature 'REPLACE_DEFERRED' (with digest of 'ef43112c6543b88db2283a2e077278c315ae2c84719a8b25f25cc88565fbea99') is enabled with preactivation required
info  2020-10-10T00:36:22.509 thread-0  chain_plugin.cpp:446          operator()           ] Support for builtin protocol feature 'NO_DUPLICATE_DEFERRED_ID' (with digest of '4a90c00d55454dc5b059055ca213579c6ea856967712a56017487886a4d4cc0f') is enabled with preactivation required
info  2020-10-10T00:36:22.509 thread-0  chain_plugin.cpp:446          operator()           ] Support for builtin protocol feature 'RAM_RESTRICTIONS' (with digest of '4e7bf348da00a945489b2a681749eb56f5de00b900014e137ddae39f48f69d67') is enabled with preactivation required
info  2020-10-10T00:36:22.509 thread-0  chain_plugin.cpp:446          operator()           ] Support for builtin protocol feature 'WEBAUTHN_KEY' (with digest of '4fca8bd82bbd181e714e283f83e1b45d95ca5af40fb89ad3977b653c448f78c2') is enabled with preactivation required
info  2020-10-10T00:36:22.509 thread-0  chain_plugin.cpp:446          operator()           ] Support for builtin protocol feature 'DISALLOW_EMPTY_PRODUCER_SCHEDULE' (with digest of '68dcaa34c0517d19666e6b33add67351d8c5f69e999ca1e37931bc410a297428') is enabled with preactivation required
info  2020-10-10T00:36:22.509 thread-0  chain_plugin.cpp:446          operator()           ] Support for builtin protocol feature 'ONLY_BILL_FIRST_AUTHORIZER' (with digest of '8ba52fe7a3956c5cd3a656a3174b931d3bb2abb45578befc59f283ecd816a405') is enabled with preactivation required
info  2020-10-10T00:36:22.510 thread-0  chain_plugin.cpp:446          operator()           ] Support for builtin protocol feature 'RESTRICT_ACTION_TO_SELF' (with digest of 'ad9e3d8f650687709fd68f4b90b41f7d825a365b02c23a636cef88ac2ac00c43') is enabled with preactivation required
info  2020-10-10T00:36:22.510 thread-0  chain_plugin.cpp:446          operator()           ] Support for builtin protocol feature 'FIX_LINKAUTH_RESTRICTION' (with digest of 'e0fb64b1085cc5538970158d05a009c24e276fb94e1a0bf6a528b48fbc4ff526') is enabled with preactivation required
info  2020-10-10T00:36:22.510 thread-0  chain_plugin.cpp:446          operator()           ] Support for builtin protocol feature 'GET_SENDER' (with digest of 'f0af56d2c5a48d60a4a5b5c903edfb7db3a736a94ed589d0b797df33ff9d3e1d') is enabled with preactivation required
info  2020-10-10T00:36:22.517 thread-0  chain_plugin.cpp:945          plugin_initialize    ] Starting fresh blockchain state using genesis state extracted from blocks.log.
warn  2020-10-10T00:36:22.519 thread-0  chain_plugin.cpp:1138         plugin_initialize    ] 13 St13runtime_error: "state" database dirty flag set
rethrow "state" database dirty flag set: 
    {"what":"\"state\" database dirty flag set"}
    thread-0  chain_plugin.cpp:1138 plugin_initialize

error 2020-10-10T00:36:22.519 thread-0  main.cpp:121                  main                 ] database dirty flag set (likely due to unclean shutdown): replay required
info  2020-10-10T00:57:35.483 thread-0  chain_plugin.cpp:628          plugin_initialize    ] initializing chain plugin
info  2020-10-10T00:57:35.487 thread-0  chain_plugin.cpp:459          operator()           ] Support for builtin protocol feature 'PREACTIVATE_FEATURE' (with digest of '0ec7e080177b2c02b278d5088611686b49d739925a92d9bfcacd7fc6b74053bd') is enabled without activation restrictions
info  2020-10-10T00:57:35.487 thread-0  chain_plugin.cpp:446          operator()           ] Support for builtin protocol feature 'ONLY_LINK_TO_EXISTING_PERMISSION' (with digest of '1a99a59d87e06e09ec5b028a9cbb7749b4a5ad8819004365d02dc4379a8b7241') is enabled with preactivation required
info  2020-10-10T00:57:35.487 thread-0  chain_plugin.cpp:446          operator()           ] Support for builtin protocol feature 'FORWARD_SETCODE' (with digest of '2652f5f96006294109b3dd0bbde63693f55324af452b799ee137a81a905eed25') is enabled with preactivation required
info  2020-10-10T00:57:35.487 thread-0  chain_plugin.cpp:446          operator()           ] Support for builtin protocol feature 'WTMSIG_BLOCK_SIGNATURES' (with digest of '299dcb6af692324b899b39f16d5a530a33062804e41f09dc97e9f156b4476707') is enabled with preactivation required
info  2020-10-10T00:57:35.487 thread-0  chain_plugin.cpp:446          operator()           ] Support for builtin protocol feature 'REPLACE_DEFERRED' (with digest of 'ef43112c6543b88db2283a2e077278c315ae2c84719a8b25f25cc88565fbea99') is enabled with preactivation required
info  2020-10-10T00:57:35.487 thread-0  chain_plugin.cpp:446          operator()           ] Support for builtin protocol feature 'NO_DUPLICATE_DEFERRED_ID' (with digest of '4a90c00d55454dc5b059055ca213579c6ea856967712a56017487886a4d4cc0f') is enabled with preactivation required
info  2020-10-10T00:57:35.487 thread-0  chain_plugin.cpp:446          operator()           ] Support for builtin protocol feature 'RAM_RESTRICTIONS' (with digest of '4e7bf348da00a945489b2a681749eb56f5de00b900014e137ddae39f48f69d67') is enabled with preactivation required
info  2020-10-10T00:57:35.487 thread-0  chain_plugin.cpp:446          operator()           ] Support for builtin protocol feature 'WEBAUTHN_KEY' (with digest of '4fca8bd82bbd181e714e283f83e1b45d95ca5af40fb89ad3977b653c448f78c2') is enabled with preactivation required
info  2020-10-10T00:57:35.487 thread-0  chain_plugin.cpp:446          operator()           ] Support for builtin protocol feature 'DISALLOW_EMPTY_PRODUCER_SCHEDULE' (with digest of '68dcaa34c0517d19666e6b33add67351d8c5f69e999ca1e37931bc410a297428') is enabled with preactivation required
info  2020-10-10T00:57:35.488 thread-0  chain_plugin.cpp:446          operator()           ] Support for builtin protocol feature 'ONLY_BILL_FIRST_AUTHORIZER' (with digest of '8ba52fe7a3956c5cd3a656a3174b931d3bb2abb45578befc59f283ecd816a405') is enabled with preactivation required
info  2020-10-10T00:57:35.488 thread-0  chain_plugin.cpp:446          operator()           ] Support for builtin protocol feature 'RESTRICT_ACTION_TO_SELF' (with digest of 'ad9e3d8f650687709fd68f4b90b41f7d825a365b02c23a636cef88ac2ac00c43') is enabled with preactivation required
info  2020-10-10T00:57:35.488 thread-0  chain_plugin.cpp:446          operator()           ] Support for builtin protocol feature 'FIX_LINKAUTH_RESTRICTION' (with digest of 'e0fb64b1085cc5538970158d05a009c24e276fb94e1a0bf6a528b48fbc4ff526') is enabled with preactivation required
info  2020-10-10T00:57:35.488 thread-0  chain_plugin.cpp:446          operator()           ] Support for builtin protocol feature 'GET_SENDER' (with digest of 'f0af56d2c5a48d60a4a5b5c903edfb7db3a736a94ed589d0b797df33ff9d3e1d') is enabled with preactivation required
info  2020-10-10T00:57:35.489 thread-0  chain_plugin.cpp:945          plugin_initialize    ] Starting fresh blockchain state using genesis state extracted from blocks.log.
warn  2020-10-10T00:57:35.489 thread-0  chain_plugin.cpp:1138         plugin_initialize    ] 13 St13runtime_error: "state" database dirty flag set
rethrow "state" database dirty flag set: 
    {"what":"\"state\" database dirty flag set"}
    thread-0  chain_plugin.cpp:1138 plugin_initialize

error 2020-10-10T00:57:35.490 thread-0  main.cpp:121                  main                 ] database dirty flag set (likely due to unclean shutdown): replay required
info  2020-10-10T01:01:42.946 thread-0  chain_plugin.cpp:628          plugin_initialize    ] initializing chain plugin
info  2020-10-10T01:01:42.950 thread-0  chain_plugin.cpp:459          operator()           ] Support for builtin protocol feature 'PREACTIVATE_FEATURE' (with digest of '0ec7e080177b2c02b278d5088611686b49d739925a92d9bfcacd7fc6b74053bd') is enabled without activation restrictions
info  2020-10-10T01:01:42.950 thread-0  chain_plugin.cpp:446          operator()           ] Support for builtin protocol feature 'ONLY_LINK_TO_EXISTING_PERMISSION' (with digest of '1a99a59d87e06e09ec5b028a9cbb7749b4a5ad8819004365d02dc4379a8b7241') is enabled with preactivation required
info  2020-10-10T01:01:42.950 thread-0  chain_plugin.cpp:446          operator()           ] Support for builtin protocol feature 'FORWARD_SETCODE' (with digest of '2652f5f96006294109b3dd0bbde63693f55324af452b799ee137a81a905eed25') is enabled with preactivation required
info  2020-10-10T01:01:42.950 thread-0  chain_plugin.cpp:446          operator()           ] Support for builtin protocol feature 'WTMSIG_BLOCK_SIGNATURES' (with digest of '299dcb6af692324b899b39f16d5a530a33062804e41f09dc97e9f156b4476707') is enabled with preactivation required
info  2020-10-10T01:01:42.950 thread-0  chain_plugin.cpp:446          operator()           ] Support for builtin protocol feature 'REPLACE_DEFERRED' (with digest of 'ef43112c6543b88db2283a2e077278c315ae2c84719a8b25f25cc88565fbea99') is enabled with preactivation required
info  2020-10-10T01:01:42.950 thread-0  chain_plugin.cpp:446          operator()           ] Support for builtin protocol feature 'NO_DUPLICATE_DEFERRED_ID' (with digest of '4a90c00d55454dc5b059055ca213579c6ea856967712a56017487886a4d4cc0f') is enabled with preactivation required
info  2020-10-10T01:01:42.950 thread-0  chain_plugin.cpp:446          operator()           ] Support for builtin protocol feature 'RAM_RESTRICTIONS' (with digest of '4e7bf348da00a945489b2a681749eb56f5de00b900014e137ddae39f48f69d67') is enabled with preactivation required
info  2020-10-10T01:01:42.950 thread-0  chain_plugin.cpp:446          operator()           ] Support for builtin protocol feature 'WEBAUTHN_KEY' (with digest of '4fca8bd82bbd181e714e283f83e1b45d95ca5af40fb89ad3977b653c448f78c2') is enabled with preactivation required
info  2020-10-10T01:01:42.950 thread-0  chain_plugin.cpp:446          operator()           ] Support for builtin protocol feature 'DISALLOW_EMPTY_PRODUCER_SCHEDULE' (with digest of '68dcaa34c0517d19666e6b33add67351d8c5f69e999ca1e37931bc410a297428') is enabled with preactivation required
info  2020-10-10T01:01:42.950 thread-0  chain_plugin.cpp:446          operator()           ] Support for builtin protocol feature 'ONLY_BILL_FIRST_AUTHORIZER' (with digest of '8ba52fe7a3956c5cd3a656a3174b931d3bb2abb45578befc59f283ecd816a405') is enabled with preactivation required
info  2020-10-10T01:01:42.950 thread-0  chain_plugin.cpp:446          operator()           ] Support for builtin protocol feature 'RESTRICT_ACTION_TO_SELF' (with digest of 'ad9e3d8f650687709fd68f4b90b41f7d825a365b02c23a636cef88ac2ac00c43') is enabled with preactivation required
info  2020-10-10T01:01:42.950 thread-0  chain_plugin.cpp:446          operator()           ] Support for builtin protocol feature 'FIX_LINKAUTH_RESTRICTION' (with digest of 'e0fb64b1085cc5538970158d05a009c24e276fb94e1a0bf6a528b48fbc4ff526') is enabled with preactivation required
info  2020-10-10T01:01:42.950 thread-0  chain_plugin.cpp:446          operator()           ] Support for builtin protocol feature 'GET_SENDER' (with digest of 'f0af56d2c5a48d60a4a5b5c903edfb7db3a736a94ed589d0b797df33ff9d3e1d') is enabled with preactivation required
info  2020-10-10T01:01:42.952 thread-0  chain_plugin.cpp:945          plugin_initialize    ] Starting fresh blockchain state using genesis state extracted from blocks.log.
warn  2020-10-10T01:01:42.952 thread-0  chain_plugin.cpp:1138         plugin_initialize    ] 13 St13runtime_error: "state" database dirty flag set
rethrow "state" database dirty flag set: 
    {"what":"\"state\" database dirty flag set"}
    thread-0  chain_plugin.cpp:1138 plugin_initialize

error 2020-10-10T01:01:42.953 thread-0  main.cpp:121                  main                 ] database dirty flag set (likely due to unclean shutdown): replay required
info  2020-10-10T01:27:06.304 thread-0  chain_plugin.cpp:628          plugin_initialize    ] initializing chain plugin
info  2020-10-10T01:27:06.308 thread-0  chain_plugin.cpp:459          operator()           ] Support for builtin protocol feature 'PREACTIVATE_FEATURE' (with digest of '0ec7e080177b2c02b278d5088611686b49d739925a92d9bfcacd7fc6b74053bd') is enabled without activation restrictions
info  2020-10-10T01:27:06.308 thread-0  chain_plugin.cpp:446          operator()           ] Support for builtin protocol feature 'ONLY_LINK_TO_EXISTING_PERMISSION' (with digest of '1a99a59d87e06e09ec5b028a9cbb7749b4a5ad8819004365d02dc4379a8b7241') is enabled with preactivation required
info  2020-10-10T01:27:06.308 thread-0  chain_plugin.cpp:446          operator()           ] Support for builtin protocol feature 'FORWARD_SETCODE' (with digest of '2652f5f96006294109b3dd0bbde63693f55324af452b799ee137a81a905eed25') is enabled with preactivation required
info  2020-10-10T01:27:06.308 thread-0  chain_plugin.cpp:446          operator()           ] Support for builtin protocol feature 'WTMSIG_BLOCK_SIGNATURES' (with digest of '299dcb6af692324b899b39f16d5a530a33062804e41f09dc97e9f156b4476707') is enabled with preactivation required
info  2020-10-10T01:27:06.308 thread-0  chain_plugin.cpp:446          operator()           ] Support for builtin protocol feature 'REPLACE_DEFERRED' (with digest of 'ef43112c6543b88db2283a2e077278c315ae2c84719a8b25f25cc88565fbea99') is enabled with preactivation required
info  2020-10-10T01:27:06.308 thread-0  chain_plugin.cpp:446          operator()           ] Support for builtin protocol feature 'NO_DUPLICATE_DEFERRED_ID' (with digest of '4a90c00d55454dc5b059055ca213579c6ea856967712a56017487886a4d4cc0f') is enabled with preactivation required
info  2020-10-10T01:27:06.308 thread-0  chain_plugin.cpp:446          operator()           ] Support for builtin protocol feature 'RAM_RESTRICTIONS' (with digest of '4e7bf348da00a945489b2a681749eb56f5de00b900014e137ddae39f48f69d67') is enabled with preactivation required
info  2020-10-10T01:27:06.308 thread-0  chain_plugin.cpp:446          operator()           ] Support for builtin protocol feature 'WEBAUTHN_KEY' (with digest of '4fca8bd82bbd181e714e283f83e1b45d95ca5af40fb89ad3977b653c448f78c2') is enabled with preactivation required
info  2020-10-10T01:27:06.308 thread-0  chain_plugin.cpp:446          operator()           ] Support for builtin protocol feature 'DISALLOW_EMPTY_PRODUCER_SCHEDULE' (with digest of '68dcaa34c0517d19666e6b33add67351d8c5f69e999ca1e37931bc410a297428') is enabled with preactivation required
info  2020-10-10T01:27:06.308 thread-0  chain_plugin.cpp:446          operator()           ] Support for builtin protocol feature 'ONLY_BILL_FIRST_AUTHORIZER' (with digest of '8ba52fe7a3956c5cd3a656a3174b931d3bb2abb45578befc59f283ecd816a405') is enabled with preactivation required
info  2020-10-10T01:27:06.308 thread-0  chain_plugin.cpp:446          operator()           ] Support for builtin protocol feature 'RESTRICT_ACTION_TO_SELF' (with digest of 'ad9e3d8f650687709fd68f4b90b41f7d825a365b02c23a636cef88ac2ac00c43') is enabled with preactivation required
info  2020-10-10T01:27:06.308 thread-0  chain_plugin.cpp:446          operator()           ] Support for builtin protocol feature 'FIX_LINKAUTH_RESTRICTION' (with digest of 'e0fb64b1085cc5538970158d05a009c24e276fb94e1a0bf6a528b48fbc4ff526') is enabled with preactivation required
info  2020-10-10T01:27:06.308 thread-0  chain_plugin.cpp:446          operator()           ] Support for builtin protocol feature 'GET_SENDER' (with digest of 'f0af56d2c5a48d60a4a5b5c903edfb7db3a736a94ed589d0b797df33ff9d3e1d') is enabled with preactivation required
info  2020-10-10T01:27:06.311 thread-0  chain_plugin.cpp:945          plugin_initialize    ] Starting fresh blockchain state using genesis state extracted from blocks.log.
warn  2020-10-10T01:27:06.312 thread-0  chain_plugin.cpp:1138         plugin_initialize    ] 13 St13runtime_error: "state" database dirty flag set
rethrow "state" database dirty flag set: 
    {"what":"\"state\" database dirty flag set"}
    thread-0  chain_plugin.cpp:1138 plugin_initialize

error 2020-10-10T01:27:06.312 thread-0  main.cpp:121                  main                 ] database dirty flag set (likely due to unclean shutdown): replay required
info  2020-10-10T02:20:30.476 thread-0  chain_plugin.cpp:628          plugin_initialize    ] initializing chain plugin
info  2020-10-10T02:20:30.481 thread-0  chain_plugin.cpp:459          operator()           ] Support for builtin protocol feature 'PREACTIVATE_FEATURE' (with digest of '0ec7e080177b2c02b278d5088611686b49d739925a92d9bfcacd7fc6b74053bd') is enabled without activation restrictions
info  2020-10-10T02:20:30.482 thread-0  chain_plugin.cpp:446          operator()           ] Support for builtin protocol feature 'ONLY_LINK_TO_EXISTING_PERMISSION' (with digest of '1a99a59d87e06e09ec5b028a9cbb7749b4a5ad8819004365d02dc4379a8b7241') is enabled with preactivation required
info  2020-10-10T02:20:30.482 thread-0  chain_plugin.cpp:446          operator()           ] Support for builtin protocol feature 'FORWARD_SETCODE' (with digest of '2652f5f96006294109b3dd0bbde63693f55324af452b799ee137a81a905eed25') is enabled with preactivation required
info  2020-10-10T02:20:30.482 thread-0  chain_plugin.cpp:446          operator()           ] Support for builtin protocol feature 'WTMSIG_BLOCK_SIGNATURES' (with digest of '299dcb6af692324b899b39f16d5a530a33062804e41f09dc97e9f156b4476707') is enabled with preactivation required
info  2020-10-10T02:20:30.482 thread-0  chain_plugin.cpp:446          operator()           ] Support for builtin protocol feature 'REPLACE_DEFERRED' (with digest of 'ef43112c6543b88db2283a2e077278c315ae2c84719a8b25f25cc88565fbea99') is enabled with preactivation required
info  2020-10-10T02:20:30.482 thread-0  chain_plugin.cpp:446          operator()           ] Support for builtin protocol feature 'NO_DUPLICATE_DEFERRED_ID' (with digest of '4a90c00d55454dc5b059055ca213579c6ea856967712a56017487886a4d4cc0f') is enabled with preactivation required
info  2020-10-10T02:20:30.482 thread-0  chain_plugin.cpp:446          operator()           ] Support for builtin protocol feature 'RAM_RESTRICTIONS' (with digest of '4e7bf348da00a945489b2a681749eb56f5de00b900014e137ddae39f48f69d67') is enabled with preactivation required
info  2020-10-10T02:20:30.482 thread-0  chain_plugin.cpp:446          operator()           ] Support for builtin protocol feature 'WEBAUTHN_KEY' (with digest of '4fca8bd82bbd181e714e283f83e1b45d95ca5af40fb89ad3977b653c448f78c2') is enabled with preactivation required
info  2020-10-10T02:20:30.482 thread-0  chain_plugin.cpp:446          operator()           ] Support for builtin protocol feature 'DISALLOW_EMPTY_PRODUCER_SCHEDULE' (with digest of '68dcaa34c0517d19666e6b33add67351d8c5f69e999ca1e37931bc410a297428') is enabled with preactivation required
info  2020-10-10T02:20:30.482 thread-0  chain_plugin.cpp:446          operator()           ] Support for builtin protocol feature 'ONLY_BILL_FIRST_AUTHORIZER' (with digest of '8ba52fe7a3956c5cd3a656a3174b931d3bb2abb45578befc59f283ecd816a405') is enabled with preactivation required
info  2020-10-10T02:20:30.482 thread-0  chain_plugin.cpp:446          operator()           ] Support for builtin protocol feature 'RESTRICT_ACTION_TO_SELF' (with digest of 'ad9e3d8f650687709fd68f4b90b41f7d825a365b02c23a636cef88ac2ac00c43') is enabled with preactivation required
info  2020-10-10T02:20:30.482 thread-0  chain_plugin.cpp:446          operator()           ] Support for builtin protocol feature 'FIX_LINKAUTH_RESTRICTION' (with digest of 'e0fb64b1085cc5538970158d05a009c24e276fb94e1a0bf6a528b48fbc4ff526') is enabled with preactivation required
info  2020-10-10T02:20:30.482 thread-0  chain_plugin.cpp:446          operator()           ] Support for builtin protocol feature 'GET_SENDER' (with digest of 'f0af56d2c5a48d60a4a5b5c903edfb7db3a736a94ed589d0b797df33ff9d3e1d') is enabled with preactivation required
info  2020-10-10T02:20:30.483 thread-0  chain_plugin.cpp:945          plugin_initialize    ] Starting fresh blockchain state using genesis state extracted from blocks.log.
warn  2020-10-10T02:20:30.483 thread-0  chain_plugin.cpp:1138         plugin_initialize    ] 13 St13runtime_error: "state" database dirty flag set
rethrow "state" database dirty flag set: 
    {"what":"\"state\" database dirty flag set"}
    thread-0  chain_plugin.cpp:1138 plugin_initialize

error 2020-10-10T02:20:30.483 thread-0  main.cpp:121                  main                 ] database dirty flag set (likely due to unclean shutdown): replay required
info  2020-10-10T02:38:53.586 thread-0  chain_plugin.cpp:628          plugin_initialize    ] initializing chain plugin
info  2020-10-10T02:38:53.590 thread-0  chain_plugin.cpp:459          operator()           ] Support for builtin protocol feature 'PREACTIVATE_FEATURE' (with digest of '0ec7e080177b2c02b278d5088611686b49d739925a92d9bfcacd7fc6b74053bd') is enabled without activation restrictions
info  2020-10-10T02:38:53.590 thread-0  chain_plugin.cpp:446          operator()           ] Support for builtin protocol feature 'ONLY_LINK_TO_EXISTING_PERMISSION' (with digest of '1a99a59d87e06e09ec5b028a9cbb7749b4a5ad8819004365d02dc4379a8b7241') is enabled with preactivation required
info  2020-10-10T02:38:53.590 thread-0  chain_plugin.cpp:446          operator()           ] Support for builtin protocol feature 'FORWARD_SETCODE' (with digest of '2652f5f96006294109b3dd0bbde63693f55324af452b799ee137a81a905eed25') is enabled with preactivation required
info  2020-10-10T02:38:53.590 thread-0  chain_plugin.cpp:446          operator()           ] Support for builtin protocol feature 'WTMSIG_BLOCK_SIGNATURES' (with digest of '299dcb6af692324b899b39f16d5a530a33062804e41f09dc97e9f156b4476707') is enabled with preactivation required
info  2020-10-10T02:38:53.590 thread-0  chain_plugin.cpp:446          operator()           ] Support for builtin protocol feature 'REPLACE_DEFERRED' (with digest of 'ef43112c6543b88db2283a2e077278c315ae2c84719a8b25f25cc88565fbea99') is enabled with preactivation required
info  2020-10-10T02:38:53.590 thread-0  chain_plugin.cpp:446          operator()           ] Support for builtin protocol feature 'NO_DUPLICATE_DEFERRED_ID' (with digest of '4a90c00d55454dc5b059055ca213579c6ea856967712a56017487886a4d4cc0f') is enabled with preactivation required
info  2020-10-10T02:38:53.590 thread-0  chain_plugin.cpp:446          operator()           ] Support for builtin protocol feature 'RAM_RESTRICTIONS' (with digest of '4e7bf348da00a945489b2a681749eb56f5de00b900014e137ddae39f48f69d67') is enabled with preactivation required
info  2020-10-10T02:38:53.590 thread-0  chain_plugin.cpp:446          operator()           ] Support for builtin protocol feature 'WEBAUTHN_KEY' (with digest of '4fca8bd82bbd181e714e283f83e1b45d95ca5af40fb89ad3977b653c448f78c2') is enabled with preactivation required
info  2020-10-10T02:38:53.590 thread-0  chain_plugin.cpp:446          operator()           ] Support for builtin protocol feature 'DISALLOW_EMPTY_PRODUCER_SCHEDULE' (with digest of '68dcaa34c0517d19666e6b33add67351d8c5f69e999ca1e37931bc410a297428') is enabled with preactivation required
info  2020-10-10T02:38:53.590 thread-0  chain_plugin.cpp:446          operator()           ] Support for builtin protocol feature 'ONLY_BILL_FIRST_AUTHORIZER' (with digest of '8ba52fe7a3956c5cd3a656a3174b931d3bb2abb45578befc59f283ecd816a405') is enabled with preactivation required
info  2020-10-10T02:38:53.590 thread-0  chain_plugin.cpp:446          operator()           ] Support for builtin protocol feature 'RESTRICT_ACTION_TO_SELF' (with digest of 'ad9e3d8f650687709fd68f4b90b41f7d825a365b02c23a636cef88ac2ac00c43') is enabled with preactivation required
info  2020-10-10T02:38:53.590 thread-0  chain_plugin.cpp:446          operator()           ] Support for builtin protocol feature 'FIX_LINKAUTH_RESTRICTION' (with digest of 'e0fb64b1085cc5538970158d05a009c24e276fb94e1a0bf6a528b48fbc4ff526') is enabled with preactivation required
info  2020-10-10T02:38:53.590 thread-0  chain_plugin.cpp:446          operator()           ] Support for builtin protocol feature 'GET_SENDER' (with digest of 'f0af56d2c5a48d60a4a5b5c903edfb7db3a736a94ed589d0b797df33ff9d3e1d') is enabled with preactivation required
info  2020-10-10T02:38:53.593 thread-0  chain_plugin.cpp:945          plugin_initialize    ] Starting fresh blockchain state using genesis state extracted from blocks.log.
warn  2020-10-10T02:38:53.593 thread-0  chain_plugin.cpp:1138         plugin_initialize    ] 13 St13runtime_error: "state" database dirty flag set
rethrow "state" database dirty flag set: 
    {"what":"\"state\" database dirty flag set"}
    thread-0  chain_plugin.cpp:1138 plugin_initialize

error 2020-10-10T02:38:53.594 thread-0  main.cpp:121                  main                 ] database dirty flag set (likely due to unclean shutdown): replay required
info  2020-10-10T02:50:50.727 thread-0  chain_plugin.cpp:628          plugin_initialize    ] initializing chain plugin
info  2020-10-10T02:50:50.731 thread-0  chain_plugin.cpp:459          operator()           ] Support for builtin protocol feature 'PREACTIVATE_FEATURE' (with digest of '0ec7e080177b2c02b278d5088611686b49d739925a92d9bfcacd7fc6b74053bd') is enabled without activation restrictions
info  2020-10-10T02:50:50.731 thread-0  chain_plugin.cpp:446          operator()           ] Support for builtin protocol feature 'ONLY_LINK_TO_EXISTING_PERMISSION' (with digest of '1a99a59d87e06e09ec5b028a9cbb7749b4a5ad8819004365d02dc4379a8b7241') is enabled with preactivation required
info  2020-10-10T02:50:50.731 thread-0  chain_plugin.cpp:446          operator()           ] Support for builtin protocol feature 'FORWARD_SETCODE' (with digest of '2652f5f96006294109b3dd0bbde63693f55324af452b799ee137a81a905eed25') is enabled with preactivation required
info  2020-10-10T02:50:50.731 thread-0  chain_plugin.cpp:446          operator()           ] Support for builtin protocol feature 'WTMSIG_BLOCK_SIGNATURES' (with digest of '299dcb6af692324b899b39f16d5a530a33062804e41f09dc97e9f156b4476707') is enabled with preactivation required
info  2020-10-10T02:50:50.731 thread-0  chain_plugin.cpp:446          operator()           ] Support for builtin protocol feature 'REPLACE_DEFERRED' (with digest of 'ef43112c6543b88db2283a2e077278c315ae2c84719a8b25f25cc88565fbea99') is enabled with preactivation required
info  2020-10-10T02:50:50.731 thread-0  chain_plugin.cpp:446          operator()           ] Support for builtin protocol feature 'NO_DUPLICATE_DEFERRED_ID' (with digest of '4a90c00d55454dc5b059055ca213579c6ea856967712a56017487886a4d4cc0f') is enabled with preactivation required
info  2020-10-10T02:50:50.731 thread-0  chain_plugin.cpp:446          operator()           ] Support for builtin protocol feature 'RAM_RESTRICTIONS' (with digest of '4e7bf348da00a945489b2a681749eb56f5de00b900014e137ddae39f48f69d67') is enabled with preactivation required
info  2020-10-10T02:50:50.731 thread-0  chain_plugin.cpp:446          operator()           ] Support for builtin protocol feature 'WEBAUTHN_KEY' (with digest of '4fca8bd82bbd181e714e283f83e1b45d95ca5af40fb89ad3977b653c448f78c2') is enabled with preactivation required
info  2020-10-10T02:50:50.731 thread-0  chain_plugin.cpp:446          operator()           ] Support for builtin protocol feature 'DISALLOW_EMPTY_PRODUCER_SCHEDULE' (with digest of '68dcaa34c0517d19666e6b33add67351d8c5f69e999ca1e37931bc410a297428') is enabled with preactivation required
info  2020-10-10T02:50:50.731 thread-0  chain_plugin.cpp:446          operator()           ] Support for builtin protocol feature 'ONLY_BILL_FIRST_AUTHORIZER' (with digest of '8ba52fe7a3956c5cd3a656a3174b931d3bb2abb45578befc59f283ecd816a405') is enabled with preactivation required
info  2020-10-10T02:50:50.731 thread-0  chain_plugin.cpp:446          operator()           ] Support for builtin protocol feature 'RESTRICT_ACTION_TO_SELF' (with digest of 'ad9e3d8f650687709fd68f4b90b41f7d825a365b02c23a636cef88ac2ac00c43') is enabled with preactivation required
info  2020-10-10T02:50:50.731 thread-0  chain_plugin.cpp:446          operator()           ] Support for builtin protocol feature 'FIX_LINKAUTH_RESTRICTION' (with digest of 'e0fb64b1085cc5538970158d05a009c24e276fb94e1a0bf6a528b48fbc4ff526') is enabled with preactivation required
info  2020-10-10T02:50:50.731 thread-0  chain_plugin.cpp:446          operator()           ] Support for builtin protocol feature 'GET_SENDER' (with digest of 'f0af56d2c5a48d60a4a5b5c903edfb7db3a736a94ed589d0b797df33ff9d3e1d') is enabled with preactivation required
info  2020-10-10T02:50:50.734 thread-0  chain_plugin.cpp:945          plugin_initialize    ] Starting fresh blockchain state using genesis state extracted from blocks.log.
warn  2020-10-10T02:50:50.734 thread-0  chain_plugin.cpp:1138         plugin_initialize    ] 13 St13runtime_error: "state" database dirty flag set
rethrow "state" database dirty flag set: 
    {"what":"\"state\" database dirty flag set"}
    thread-0  chain_plugin.cpp:1138 plugin_initialize

error 2020-10-10T02:50:50.735 thread-0  main.cpp:121                  main                 ] database dirty flag set (likely due to unclean shutdown): replay required
info  2020-10-10T03:16:55.127 thread-0  chain_plugin.cpp:628          plugin_initialize    ] initializing chain plugin
info  2020-10-10T03:16:55.131 thread-0  chain_plugin.cpp:459          operator()           ] Support for builtin protocol feature 'PREACTIVATE_FEATURE' (with digest of '0ec7e080177b2c02b278d5088611686b49d739925a92d9bfcacd7fc6b74053bd') is enabled without activation restrictions
info  2020-10-10T03:16:55.131 thread-0  chain_plugin.cpp:446          operator()           ] Support for builtin protocol feature 'ONLY_LINK_TO_EXISTING_PERMISSION' (with digest of '1a99a59d87e06e09ec5b028a9cbb7749b4a5ad8819004365d02dc4379a8b7241') is enabled with preactivation required
info  2020-10-10T03:16:55.131 thread-0  chain_plugin.cpp:446          operator()           ] Support for builtin protocol feature 'FORWARD_SETCODE' (with digest of '2652f5f96006294109b3dd0bbde63693f55324af452b799ee137a81a905eed25') is enabled with preactivation required
info  2020-10-10T03:16:55.131 thread-0  chain_plugin.cpp:446          operator()           ] Support for builtin protocol feature 'WTMSIG_BLOCK_SIGNATURES' (with digest of '299dcb6af692324b899b39f16d5a530a33062804e41f09dc97e9f156b4476707') is enabled with preactivation required
info  2020-10-10T03:16:55.131 thread-0  chain_plugin.cpp:446          operator()           ] Support for builtin protocol feature 'REPLACE_DEFERRED' (with digest of 'ef43112c6543b88db2283a2e077278c315ae2c84719a8b25f25cc88565fbea99') is enabled with preactivation required
info  2020-10-10T03:16:55.131 thread-0  chain_plugin.cpp:446          operator()           ] Support for builtin protocol feature 'NO_DUPLICATE_DEFERRED_ID' (with digest of '4a90c00d55454dc5b059055ca213579c6ea856967712a56017487886a4d4cc0f') is enabled with preactivation required
info  2020-10-10T03:16:55.131 thread-0  chain_plugin.cpp:446          operator()           ] Support for builtin protocol feature 'RAM_RESTRICTIONS' (with digest of '4e7bf348da00a945489b2a681749eb56f5de00b900014e137ddae39f48f69d67') is enabled with preactivation required
info  2020-10-10T03:16:55.131 thread-0  chain_plugin.cpp:446          operator()           ] Support for builtin protocol feature 'WEBAUTHN_KEY' (with digest of '4fca8bd82bbd181e714e283f83e1b45d95ca5af40fb89ad3977b653c448f78c2') is enabled with preactivation required
info  2020-10-10T03:16:55.131 thread-0  chain_plugin.cpp:446          operator()           ] Support for builtin protocol feature 'DISALLOW_EMPTY_PRODUCER_SCHEDULE' (with digest of '68dcaa34c0517d19666e6b33add67351d8c5f69e999ca1e37931bc410a297428') is enabled with preactivation required
info  2020-10-10T03:16:55.131 thread-0  chain_plugin.cpp:446          operator()           ] Support for builtin protocol feature 'ONLY_BILL_FIRST_AUTHORIZER' (with digest of '8ba52fe7a3956c5cd3a656a3174b931d3bb2abb45578befc59f283ecd816a405') is enabled with preactivation required
info  2020-10-10T03:16:55.131 thread-0  chain_plugin.cpp:446          operator()           ] Support for builtin protocol feature 'RESTRICT_ACTION_TO_SELF' (with digest of 'ad9e3d8f650687709fd68f4b90b41f7d825a365b02c23a636cef88ac2ac00c43') is enabled with preactivation required
info  2020-10-10T03:16:55.131 thread-0  chain_plugin.cpp:446          operator()           ] Support for builtin protocol feature 'FIX_LINKAUTH_RESTRICTION' (with digest of 'e0fb64b1085cc5538970158d05a009c24e276fb94e1a0bf6a528b48fbc4ff526') is enabled with preactivation required
info  2020-10-10T03:16:55.131 thread-0  chain_plugin.cpp:446          operator()           ] Support for builtin protocol feature 'GET_SENDER' (with digest of 'f0af56d2c5a48d60a4a5b5c903edfb7db3a736a94ed589d0b797df33ff9d3e1d') is enabled with preactivation required
info  2020-10-10T03:16:55.132 thread-0  chain_plugin.cpp:945          plugin_initialize    ] Starting fresh blockchain state using genesis state extracted from blocks.log.
warn  2020-10-10T03:16:55.132 thread-0  chain_plugin.cpp:1138         plugin_initialize    ] 13 St13runtime_error: "state" database dirty flag set
rethrow "state" database dirty flag set: 
    {"what":"\"state\" database dirty flag set"}
    thread-0  chain_plugin.cpp:1138 plugin_initialize

error 2020-10-10T03:16:55.132 thread-0  main.cpp:121                  main                 ] database dirty flag set (likely due to unclean shutdown): replay required
info  2020-10-10T04:01:47.514 thread-0  chain_plugin.cpp:628          plugin_initialize    ] initializing chain plugin
info  2020-10-10T04:01:47.518 thread-0  chain_plugin.cpp:459          operator()           ] Support for builtin protocol feature 'PREACTIVATE_FEATURE' (with digest of '0ec7e080177b2c02b278d5088611686b49d739925a92d9bfcacd7fc6b74053bd') is enabled without activation restrictions
info  2020-10-10T04:01:47.518 thread-0  chain_plugin.cpp:446          operator()           ] Support for builtin protocol feature 'ONLY_LINK_TO_EXISTING_PERMISSION' (with digest of '1a99a59d87e06e09ec5b028a9cbb7749b4a5ad8819004365d02dc4379a8b7241') is enabled with preactivation required
info  2020-10-10T04:01:47.518 thread-0  chain_plugin.cpp:446          operator()           ] Support for builtin protocol feature 'FORWARD_SETCODE' (with digest of '2652f5f96006294109b3dd0bbde63693f55324af452b799ee137a81a905eed25') is enabled with preactivation required
info  2020-10-10T04:01:47.518 thread-0  chain_plugin.cpp:446          operator()           ] Support for builtin protocol feature 'WTMSIG_BLOCK_SIGNATURES' (with digest of '299dcb6af692324b899b39f16d5a530a33062804e41f09dc97e9f156b4476707') is enabled with preactivation required
info  2020-10-10T04:01:47.518 thread-0  chain_plugin.cpp:446          operator()           ] Support for builtin protocol feature 'REPLACE_DEFERRED' (with digest of 'ef43112c6543b88db2283a2e077278c315ae2c84719a8b25f25cc88565fbea99') is enabled with preactivation required
info  2020-10-10T04:01:47.518 thread-0  chain_plugin.cpp:446          operator()           ] Support for builtin protocol feature 'NO_DUPLICATE_DEFERRED_ID' (with digest of '4a90c00d55454dc5b059055ca213579c6ea856967712a56017487886a4d4cc0f') is enabled with preactivation required
info  2020-10-10T04:01:47.518 thread-0  chain_plugin.cpp:446          operator()           ] Support for builtin protocol feature 'RAM_RESTRICTIONS' (with digest of '4e7bf348da00a945489b2a681749eb56f5de00b900014e137ddae39f48f69d67') is enabled with preactivation required
info  2020-10-10T04:01:47.518 thread-0  chain_plugin.cpp:446          operator()           ] Support for builtin protocol feature 'WEBAUTHN_KEY' (with digest of '4fca8bd82bbd181e714e283f83e1b45d95ca5af40fb89ad3977b653c448f78c2') is enabled with preactivation required
info  2020-10-10T04:01:47.518 thread-0  chain_plugin.cpp:446          operator()           ] Support for builtin protocol feature 'DISALLOW_EMPTY_PRODUCER_SCHEDULE' (with digest of '68dcaa34c0517d19666e6b33add67351d8c5f69e999ca1e37931bc410a297428') is enabled with preactivation required
info  2020-10-10T04:01:47.518 thread-0  chain_plugin.cpp:446          operator()           ] Support for builtin protocol feature 'ONLY_BILL_FIRST_AUTHORIZER' (with digest of '8ba52fe7a3956c5cd3a656a3174b931d3bb2abb45578befc59f283ecd816a405') is enabled with preactivation required
info  2020-10-10T04:01:47.518 thread-0  chain_plugin.cpp:446          operator()           ] Support for builtin protocol feature 'RESTRICT_ACTION_TO_SELF' (with digest of 'ad9e3d8f650687709fd68f4b90b41f7d825a365b02c23a636cef88ac2ac00c43') is enabled with preactivation required
info  2020-10-10T04:01:47.518 thread-0  chain_plugin.cpp:446          operator()           ] Support for builtin protocol feature 'FIX_LINKAUTH_RESTRICTION' (with digest of 'e0fb64b1085cc5538970158d05a009c24e276fb94e1a0bf6a528b48fbc4ff526') is enabled with preactivation required
info  2020-10-10T04:01:47.518 thread-0  chain_plugin.cpp:446          operator()           ] Support for builtin protocol feature 'GET_SENDER' (with digest of 'f0af56d2c5a48d60a4a5b5c903edfb7db3a736a94ed589d0b797df33ff9d3e1d') is enabled with preactivation required
info  2020-10-10T04:01:47.519 thread-0  chain_plugin.cpp:945          plugin_initialize    ] Starting fresh blockchain state using genesis state extracted from blocks.log.
warn  2020-10-10T04:01:47.519 thread-0  chain_plugin.cpp:1138         plugin_initialize    ] 13 St13runtime_error: "state" database dirty flag set
rethrow "state" database dirty flag set: 
    {"what":"\"state\" database dirty flag set"}
    thread-0  chain_plugin.cpp:1138 plugin_initialize

error 2020-10-10T04:01:47.519 thread-0  main.cpp:121                  main                 ] database dirty flag set (likely due to unclean shutdown): replay required
